#
# There is insufficient memory for the Java Runtime Environment to continue.
# Native memory allocation (malloc) failed to allocate 964656 bytes for Chunk::new
# Possible reasons:
#   The system is out of physical RAM or swap space
#   In 32 bit mode, the process size limit was hit
# Possible solutions:
#   Reduce memory load on the system
#   Increase physical memory or swap space
#   Check if swap backing store is full
#   Use 64 bit Java on a 64 bit OS
#   Decrease Java heap size (-Xmx/-Xms)
#   Decrease number of Java threads
#   Decrease Java thread stack sizes (-Xss)
#   Set larger code cache with -XX:ReservedCodeCacheSize=
# This output file may be truncated or incomplete.
#
#  Out of Memory Error (allocation.cpp:390), pid=9964, tid=0x000000000000188c
#
# JRE version: Java(TM) SE Runtime Environment (8.0_101-b13) (build 1.8.0_101-b13)
# Java VM: Java HotSpot(TM) 64-Bit Server VM (25.101-b13 mixed mode windows-amd64 compressed oops)
# Failed to write core dump. Minidumps are not enabled by default on client versions of Windows
#

---------------  T H R E A D  ---------------

Current thread (0x000000001c40e800):  JavaThread "C2 CompilerThread1" daemon [_thread_in_native, id=6284, stack(0x000000001de30000,0x000000001df30000)]

Stack: [0x000000001de30000,0x000000001df30000]
[error occurred during error reporting (printing stack bounds), id 0xc0000005]

Native frames: (J=compiled Java code, j=interpreted, Vv=VM code, C=native code)


Current CompileTask:
C2:   7357 2525       4       com.android.dx.rop.code.LocalVariableExtractor::processBlock (327 bytes)


---------------  P R O C E S S  ---------------

Java Threads: ( => current thread )
  0x000000001e8ca000 JavaThread "pool-2-thread-4" [_thread_in_Java, id=18876, stack(0x000000001ee30000,0x000000001ef30000)]
  0x000000001e864800 JavaThread "pool-2-thread-3" [_thread_in_Java, id=12232, stack(0x000000001ed30000,0x000000001ee30000)]
  0x000000001e864000 JavaThread "pool-2-thread-2" [_thread_in_Java, id=1656, stack(0x000000001ec30000,0x000000001ed30000)]
  0x000000001e6fb000 JavaThread "pool-3-thread-1" [_thread_blocked, id=11692, stack(0x000000001eb30000,0x000000001ec30000)]
  0x000000001e6fa800 JavaThread "pool-2-thread-1" [_thread_in_Java, id=3800, stack(0x000000001ea30000,0x000000001eb30000)]
  0x000000001daba800 JavaThread "Service Thread" daemon [_thread_blocked, id=8972, stack(0x000000001e030000,0x000000001e130000)]
  0x000000001da34800 JavaThread "C1 CompilerThread2" daemon [_thread_blocked, id=18872, stack(0x000000001df30000,0x000000001e030000)]
=>0x000000001c40e800 JavaThread "C2 CompilerThread1" daemon [_thread_in_native, id=6284, stack(0x000000001de30000,0x000000001df30000)]
  0x000000001c40c000 JavaThread "C2 CompilerThread0" daemon [_thread_in_native, id=11444, stack(0x000000001d930000,0x000000001da30000)]
  0x000000001c3bc800 JavaThread "Attach Listener" daemon [_thread_blocked, id=7300, stack(0x000000001d830000,0x000000001d930000)]
  0x000000001c409800 JavaThread "Signal Dispatcher" daemon [_thread_blocked, id=18288, stack(0x000000001d730000,0x000000001d830000)]
  0x0000000002cda000 JavaThread "Finalizer" daemon [_thread_blocked, id=21536, stack(0x000000001d630000,0x000000001d730000)]
  0x0000000002ccf800 JavaThread "Reference Handler" daemon [_thread_blocked, id=5936, stack(0x000000001d530000,0x000000001d630000)]
  0x0000000002add800 JavaThread "main" [_thread_in_Java, id=21940, stack(0x0000000002ae0000,0x0000000002be0000)]

Other Threads:
  0x000000001c378000 VMThread [stack: 0x000000001d430000,0x000000001d530000] [id=6028]
  0x000000001daee800 WatcherThread [stack: 0x000000001e130000,0x000000001e230000] [id=21108]

VM state:not at safepoint (normal execution)

VM Mutex/Monitor currently owned by a thread: None

Heap:
 PSYoungGen      total 557568K, used 251625K [0x000000076ab00000, 0x0000000798100000, 0x00000007c0000000)
  eden space 452608K, 41% used [0x000000076ab00000,0x00000007761a45d8,0x0000000786500000)
  from space 104960K, 61% used [0x0000000786500000,0x000000078a415fd8,0x000000078cb80000)
  to   space 108032K, 0% used [0x0000000791780000,0x0000000791780000,0x0000000798100000)
 ParOldGen       total 367616K, used 207477K [0x00000006c0000000, 0x00000006d6700000, 0x000000076ab00000)
  object space 367616K, 56% used [0x00000006c0000000,0x00000006cca9d568,0x00000006d6700000)
 Metaspace       used 6710K, capacity 7320K, committed 7680K, reserved 1056768K
  class space    used 630K, capacity 656K, committed 768K, reserved 1048576K

Card table byte_map: [0x00000000120a0000,0x00000000128b0000] byte_map_base: 0x000000000eaa0000

Marking Bits: (ParMarkBitMap*) 0x000000006a04a6d0
 Begin Bits: [0x0000000013210000, 0x0000000017210000)
 End Bits:   [0x0000000017210000, 0x000000001b210000)

Polling page: 0x0000000002670000

CodeCache: size=245760Kb used=11026Kb max_used=11026Kb free=234733Kb
 bounds [0x0000000002ce0000, 0x00000000037c0000, 0x0000000011ce0000]
 total_blobs=2643 nmethods=2370 adapters=185
 compilation: enabled

Compilation events (10 events):
Event: 7.167 Thread 0x000000001da34800 2532 %     3       com.android.dx.ssa.back.FirstFitLocalCombiningAllocator$Multiset::getAndRemoveHighestCount @ 9 (63 bytes)
Event: 7.167 Thread 0x000000001da34800 nmethod 2532% 0x000000000375e290 code [0x000000000375e400, 0x000000000375e730]
Event: 7.167 Thread 0x000000001da34800 2533       3       com.android.dx.ssa.back.FirstFitLocalCombiningAllocator$Multiset::getAndRemoveHighestCount (63 bytes)
Event: 7.168 Thread 0x000000001da34800 nmethod 2533 0x000000000375dc10 code [0x000000000375dd80, 0x000000000375e050]
Event: 7.203 Thread 0x000000001c40e800 nmethod 2504 0x0000000003790250 code [0x0000000003791b20, 0x000000000379bc38]
Event: 7.203 Thread 0x000000001c40e800 2525       4       com.android.dx.rop.code.LocalVariableExtractor::processBlock (327 bytes)
Event: 7.318 Thread 0x000000001da34800 2538 %     3       com.android.dx.cf.code.ValueAwareMachine::run @ 870 (1142 bytes)
Event: 7.320 Thread 0x000000001da34800 nmethod 2538% 0x00000000037891d0 code [0x0000000003789760, 0x000000000378e278]
Event: 7.326 Thread 0x000000001da34800 2540       3       com.android.dx.cf.code.ValueAwareMachine::run (1142 bytes)
Event: 7.327 Thread 0x000000001da34800 nmethod 2540 0x00000000037a7050 code [0x00000000037a75e0, 0x00000000037ac058]

GC Heap History (10 events):
Event: 3.527 GC heap before
{Heap before GC invocations=9 (full 1):
 PSYoungGen      total 292864K, used 263660K [0x000000076ab00000, 0x0000000791000000, 0x00000007c0000000)
  eden space 261120K, 100% used [0x000000076ab00000,0x000000077aa00000,0x000000077aa00000)
  from space 31744K, 8% used [0x000000077aa00000,0x000000077ac7b228,0x000000077c900000)
  to   space 52736K, 0% used [0x000000078dc80000,0x000000078dc80000,0x0000000791000000)
 ParOldGen       total 173056K, used 87128K [0x00000006c0000000, 0x00000006ca900000, 0x000000076ab00000)
  object space 173056K, 50% used [0x00000006c0000000,0x00000006c5516118,0x00000006ca900000)
 Metaspace       used 6669K, capacity 7320K, committed 7680K, reserved 1056768K
  class space    used 630K, capacity 656K, committed 768K, reserved 1048576K
Event: 3.592 GC heap after
Heap after GC invocations=9 (full 1):
 PSYoungGen      total 377344K, used 40388K [0x000000076ab00000, 0x0000000790400000, 0x00000007c0000000)
  eden space 336896K, 0% used [0x000000076ab00000,0x000000076ab00000,0x000000077f400000)
  from space 40448K, 99% used [0x000000078dc80000,0x00000007903f1048,0x0000000790400000)
  to   space 57856K, 0% used [0x0000000789300000,0x0000000789300000,0x000000078cb80000)
 ParOldGen       total 173056K, used 87136K [0x00000006c0000000, 0x00000006ca900000, 0x000000076ab00000)
  object space 173056K, 50% used [0x00000006c0000000,0x00000006c5518118,0x00000006ca900000)
 Metaspace       used 6669K, capacity 7320K, committed 7680K, reserved 1056768K
  class space    used 630K, capacity 656K, committed 768K, reserved 1048576K
}
Event: 4.157 GC heap before
{Heap before GC invocations=10 (full 1):
 PSYoungGen      total 377344K, used 377284K [0x000000076ab00000, 0x0000000790400000, 0x00000007c0000000)
  eden space 336896K, 100% used [0x000000076ab00000,0x000000077f400000,0x000000077f400000)
  from space 40448K, 99% used [0x000000078dc80000,0x00000007903f1048,0x0000000790400000)
  to   space 57856K, 0% used [0x0000000789300000,0x0000000789300000,0x000000078cb80000)
 ParOldGen       total 173056K, used 87136K [0x00000006c0000000, 0x00000006ca900000, 0x000000076ab00000)
  object space 173056K, 50% used [0x00000006c0000000,0x00000006c5518118,0x00000006ca900000)
 Metaspace       used 6676K, capacity 7320K, committed 7680K, reserved 1056768K
  class space    used 630K, capacity 656K, committed 768K, reserved 1048576K
Event: 4.232 GC heap after
Heap after GC invocations=10 (full 1):
 PSYoungGen      total 461312K, used 57853K [0x000000076ab00000, 0x000000078dd00000, 0x00000007c0000000)
  eden space 403456K, 0% used [0x000000076ab00000,0x000000076ab00000,0x0000000783500000)
  from space 57856K, 99% used [0x0000000789300000,0x000000078cb7f5f8,0x000000078cb80000)
  to   space 17920K, 0% used [0x000000078cb80000,0x000000078cb80000,0x000000078dd00000)
 ParOldGen       total 173056K, used 105484K [0x00000006c0000000, 0x00000006ca900000, 0x000000076ab00000)
  object space 173056K, 60% used [0x00000006c0000000,0x00000006c67031f0,0x00000006ca900000)
 Metaspace       used 6676K, capacity 7320K, committed 7680K, reserved 1056768K
  class space    used 630K, capacity 656K, committed 768K, reserved 1048576K
}
Event: 5.051 GC heap before
{Heap before GC invocations=11 (full 1):
 PSYoungGen      total 461312K, used 461309K [0x000000076ab00000, 0x000000078dd00000, 0x00000007c0000000)
  eden space 403456K, 100% used [0x000000076ab00000,0x0000000783500000,0x0000000783500000)
  from space 57856K, 99% used [0x0000000789300000,0x000000078cb7f5f8,0x000000078cb80000)
  to   space 17920K, 0% used [0x000000078cb80000,0x000000078cb80000,0x000000078dd00000)
 ParOldGen       total 173056K, used 105484K [0x00000006c0000000, 0x00000006ca900000, 0x000000076ab00000)
  object space 173056K, 60% used [0x00000006c0000000,0x00000006c67031f0,0x00000006ca900000)
 Metaspace       used 6698K, capacity 7320K, committed 7680K, reserved 1056768K
  class space    used 630K, capacity 656K, committed 768K, reserved 1048576K
Event: 5.191 GC heap after
Heap after GC invocations=11 (full 1):
 PSYoungGen      total 470528K, used 17891K [0x000000076ab00000, 0x0000000795b00000, 0x00000007c0000000)
  eden space 452608K, 0% used [0x000000076ab00000,0x000000076ab00000,0x0000000786500000)
  from space 17920K, 99% used [0x000000078cb80000,0x000000078dcf8fe0,0x000000078dd00000)
  to   space 104960K, 0% used [0x0000000786500000,0x0000000786500000,0x000000078cb80000)
 ParOldGen       total 207360K, used 206891K [0x00000006c0000000, 0x00000006cca80000, 0x000000076ab00000)
  object space 207360K, 99% used [0x00000006c0000000,0x00000006cca0ad28,0x00000006cca80000)
 Metaspace       used 6698K, capacity 7320K, committed 7680K, reserved 1056768K
  class space    used 630K, capacity 656K, committed 768K, reserved 1048576K
}
Event: 5.191 GC heap before
{Heap before GC invocations=12 (full 2):
 PSYoungGen      total 470528K, used 17891K [0x000000076ab00000, 0x0000000795b00000, 0x00000007c0000000)
  eden space 452608K, 0% used [0x000000076ab00000,0x000000076ab00000,0x0000000786500000)
  from space 17920K, 99% used [0x000000078cb80000,0x000000078dcf8fe0,0x000000078dd00000)
  to   space 104960K, 0% used [0x0000000786500000,0x0000000786500000,0x000000078cb80000)
 ParOldGen       total 207360K, used 206891K [0x00000006c0000000, 0x00000006cca80000, 0x000000076ab00000)
  object space 207360K, 99% used [0x00000006c0000000,0x00000006cca0ad28,0x00000006cca80000)
 Metaspace       used 6698K, capacity 7320K, committed 7680K, reserved 1056768K
  class space    used 630K, capacity 656K, committed 768K, reserved 1048576K
Event: 6.101 GC heap after
Heap after GC invocations=12 (full 2):
 PSYoungGen      total 470528K, used 9119K [0x000000076ab00000, 0x0000000795b00000, 0x00000007c0000000)
  eden space 452608K, 0% used [0x000000076ab00000,0x000000076ab00000,0x0000000786500000)
  from space 17920K, 50% used [0x000000078cb80000,0x000000078d467d08,0x000000078dd00000)
  to   space 104960K, 0% used [0x0000000786500000,0x0000000786500000,0x000000078cb80000)
 ParOldGen       total 367616K, used 207172K [0x00000006c0000000, 0x00000006d6700000, 0x000000076ab00000)
  object space 367616K, 56% used [0x00000006c0000000,0x00000006cca51040,0x00000006d6700000)
 Metaspace       used 6698K, capacity 7320K, committed 7680K, reserved 1056768K
  class space    used 630K, capacity 656K, committed 768K, reserved 1048576K
}
Event: 6.945 GC heap before
{Heap before GC invocations=13 (full 2):
 PSYoungGen      total 470528K, used 461727K [0x000000076ab00000, 0x0000000795b00000, 0x00000007c0000000)
  eden space 452608K, 100% used [0x000000076ab00000,0x0000000786500000,0x0000000786500000)
  from space 17920K, 50% used [0x000000078cb80000,0x000000078d467d08,0x000000078dd00000)
  to   space 104960K, 0% used [0x0000000786500000,0x0000000786500000,0x000000078cb80000)
 ParOldGen       total 367616K, used 207172K [0x00000006c0000000, 0x00000006d6700000, 0x000000076ab00000)
  object space 367616K, 56% used [0x00000006c0000000,0x00000006cca51040,0x00000006d6700000)
 Metaspace       used 6710K, capacity 7320K, committed 7680K, reserved 1056768K
  class space    used 630K, capacity 656K, committed 768K, reserved 1048576K
Event: 7.052 GC heap after
Heap after GC invocations=13 (full 2):
 PSYoungGen      total 557568K, used 64599K [0x000000076ab00000, 0x0000000798100000, 0x00000007c0000000)
  eden space 452608K, 0% used [0x000000076ab00000,0x000000076ab00000,0x0000000786500000)
  from space 104960K, 61% used [0x0000000786500000,0x000000078a415fd8,0x000000078cb80000)
  to   space 108032K, 0% used [0x0000000791780000,0x0000000791780000,0x0000000798100000)
 ParOldGen       total 367616K, used 207477K [0x00000006c0000000, 0x00000006d6700000, 0x000000076ab00000)
  object space 367616K, 56% used [0x00000006c0000000,0x00000006cca9d568,0x00000006d6700000)
 Metaspace       used 6710K, capacity 7320K, committed 7680K, reserved 1056768K
  class space    used 630K, capacity 656K, committed 768K, reserved 1048576K
}

Deoptimization events (10 events):
Event: 6.496 Thread 0x0000000002add800 Uncommon trap: reason=unstable_if action=reinterpret pc=0x00000000036db9e0 method=com.android.dx.ssa.SCCP.run()V @ 179
Event: 6.547 Thread 0x000000001e864000 Uncommon trap: reason=class_check action=maybe_recompile pc=0x0000000003606fc8 method=com.android.dx.ssa.SCCP.simulateBranch(Lcom/android/dx/ssa/SsaInsn;)V @ 145
Event: 6.648 Thread 0x000000001e6fa800 Uncommon trap: reason=unstable_if action=reinterpret pc=0x00000000035d74e0 method=com.android.dx.cf.code.OneLocalsArray.set(ILcom/android/dx/rop/type/TypeBearer;)V @ 93
Event: 6.649 Thread 0x000000001e6fa800 Uncommon trap: reason=speculate_class_check action=maybe_recompile pc=0x000000000374535c method=com.android.dx.rop.cst.TypedConstant.getBasicType()I @ 1
Event: 6.651 Thread 0x000000001e6fa800 Uncommon trap: reason=speculate_class_check action=maybe_recompile pc=0x000000000374535c method=com.android.dx.rop.cst.TypedConstant.getBasicType()I @ 1
Event: 6.653 Thread 0x000000001e864800 Uncommon trap: reason=speculate_class_check action=maybe_recompile pc=0x000000000374535c method=com.android.dx.rop.cst.TypedConstant.getBasicType()I @ 1
Event: 6.655 Thread 0x000000001e864800 Uncommon trap: reason=speculate_class_check action=maybe_recompile pc=0x000000000374535c method=com.android.dx.rop.cst.TypedConstant.getBasicType()I @ 1
Event: 6.701 Thread 0x000000001e8ca000 Uncommon trap: reason=bimorphic action=maybe_recompile pc=0x000000000364a8a4 method=com.android.dx.cf.code.BytecodeArray.parseInstruction(ILcom/android/dx/cf/code/BytecodeArray$Visitor;)I @ 1891
Event: 6.701 Thread 0x000000001e8ca000 Uncommon trap: reason=bimorphic action=maybe_recompile pc=0x000000000364a8a4 method=com.android.dx.cf.code.BytecodeArray.parseInstruction(ILcom/android/dx/cf/code/BytecodeArray$Visitor;)I @ 1891
Event: 6.866 Thread 0x000000001e864000 Uncommon trap: reason=unstable_if action=reinterpret pc=0x00000000037615d0 method=com.android.dx.cf.code.OneLocalsArray.set(ILcom/android/dx/rop/type/TypeBearer;)V @ 93

Internal exceptions (8 events):
Event: 0.027 Thread 0x0000000002add800 Exception <a 'java/lang/NoSuchMethodError': Method sun.misc.Unsafe.defineClass(Ljava/lang/String;[BII)Ljava/lang/Class; name or signature does not match> (0x000000076ab07cc0) thrown at [C:\re\workspace\8-2-build-windows-amd64-cygwin\jdk8u101\7261\hotspot\s[5äÉ0œ?
Event: 0.028 Thread 0x0000000002add800 Exception <a 'java/lang/NoSuchMethodError': Method sun.misc.Unsafe.prefetchRead(Ljava/lang/Object;J)V name or signature does not match> (0x000000076ab07fa8) thrown at [C:\re\workspace\8-2-build-windows-amd64-cygwin\jdk8u101\7261\hotspot\src\share\vm\prims\1S†ý‡`Þ?
Event: 0.475 Thread 0x000000001e6fa800 Implicit null exception at 0x0000000002ffdbe2 to 0x0000000002ffdcf1
Event: 0.871 Thread 0x0000000002add800 Implicit null exception at 0x00000000031363f0 to 0x00000000031365b5
Event: 0.997 Thread 0x000000001e8ca000 Exception <a 'java/lang/ArrayIndexOutOfBoundsException': 18> (0x000000076bfeb6b0) thrown at [C:\re\workspace\8-2-build-windows-amd64-cygwin\jdk8u101\7261\hotspot\src\share\vm\interpreter\interpreterRuntime.cpp, line 366]
Event: 0.997 Thread 0x000000001e8ca000 Exception <a 'java/lang/ArrayIndexOutOfBoundsException'> (0x000000076bfed230) thrown at [C:\re\workspace\8-2-build-windows-amd64-cygwin\jdk8u101\7261\hotspot\src\share\vm\runtime\sharedRuntime.cpp, line 605]
Event: 0.997 Thread 0x000000001e8ca000 Exception <a 'java/lang/ArrayIndexOutOfBoundsException'> (0x000000076bfee518) thrown at [C:\re\workspace\8-2-build-windows-amd64-cygwin\jdk8u101\7261\hotspot\src\share\vm\runtime\sharedRuntime.cpp, line 605]
Event: 3.515 Thread 0x0000000002add800 Implicit null exception at 0x0000000002e4fc18 to 0x0000000002e50599

Events (10 events):
Event: 7.309 Thread 0x000000001e864800 DEOPT PACKING pc=0x00000000031c9651 sp=0x000000001ee2e660
Event: 7.309 Thread 0x000000001e864800 DEOPT UNPACKING pc=0x0000000002d2787f sp=0x000000001ee2e490 mode 0
Event: 7.316 Thread 0x000000001e864800 DEOPT PACKING pc=0x00000000031c9a09 sp=0x000000001ee2e660
Event: 7.316 Thread 0x000000001e864800 DEOPT UNPACKING pc=0x0000000002d2787f sp=0x000000001ee2e490 mode 0
Event: 7.326 Thread 0x000000001e864800 DEOPT PACKING pc=0x00000000031c9a09 sp=0x000000001ee2e660
Event: 7.326 Thread 0x000000001e864800 DEOPT UNPACKING pc=0x0000000002d2787f sp=0x000000001ee2e490 mode 0
Event: 7.333 Thread 0x000000001e864800 DEOPT PACKING pc=0x00000000030afa64 sp=0x000000001ee2e6d0
Event: 7.333 Thread 0x000000001e864800 DEOPT UNPACKING pc=0x0000000002d2787f sp=0x000000001ee2e3e8 mode 0
Event: 7.346 Thread 0x000000001e864000 DEOPT PACKING pc=0x00000000031c9a37 sp=0x000000001ed2e9b0
Event: 7.346 Thread 0x000000001e864000 DEOPT UNPACKING pc=0x0000000002d2787f sp=0x000000001ed2e7e0 mode 0


Dynamic libraries:
0x00007ff631800000 - 0x00007ff631837000 	C:\Program Files\Java\jdk1.8.0_101\bin\java.exe
0x00007ff86a050000 - 0x00007ff86a211000 	C:\WINDOWS\SYSTEM32\ntdll.dll
0x00007ff867f10000 - 0x00007ff867fbd000 	C:\WINDOWS\system32\KERNEL32.DLL
0x00007ff866d50000 - 0x00007ff866f38000 	C:\WINDOWS\system32\KERNELBASE.dll
0x00007ff869b80000 - 0x00007ff869c27000 	C:\WINDOWS\system32\ADVAPI32.dll
0x00007ff869e20000 - 0x00007ff869ebd000 	C:\WINDOWS\system32\msvcrt.dll
0x00007ff869ab0000 - 0x00007ff869b0b000 	C:\WINDOWS\system32\sechost.dll
0x00007ff867cc0000 - 0x00007ff867ddc000 	C:\WINDOWS\system32\RPCRT4.dll
0x00007ff867560000 - 0x00007ff8676b6000 	C:\WINDOWS\system32\USER32.dll
0x00007ff869c30000 - 0x00007ff869db6000 	C:\WINDOWS\system32\GDI32.dll
0x00007ff861460000 - 0x00007ff8616d4000 	C:\WINDOWS\WinSxS\amd64_microsoft.windows.common-controls_6595b64144ccf1df_6.0.10586.672_none_a2d6b3cea53ff843\COMCTL32.dll
0x00007ff867870000 - 0x00007ff867aed000 	C:\WINDOWS\system32\combase.dll
0x00007ff867320000 - 0x00007ff86738a000 	C:\WINDOWS\system32\bcryptPrimitives.dll
0x00007ff869de0000 - 0x00007ff869e1b000 	C:\WINDOWS\system32\IMM32.DLL
0x000000006a0d0000 - 0x000000006a1a2000 	C:\Program Files\Java\jdk1.8.0_101\jre\bin\msvcr100.dll
0x0000000069830000 - 0x000000006a0ca000 	C:\Program Files\Java\jdk1.8.0_101\jre\bin\server\jvm.dll
0x00007ff867b00000 - 0x00007ff867b08000 	C:\WINDOWS\system32\PSAPI.DLL
0x00007ff861d50000 - 0x00007ff861d5a000 	C:\WINDOWS\SYSTEM32\VERSION.dll
0x00007ff85f1f0000 - 0x00007ff85f1f9000 	C:\WINDOWS\SYSTEM32\WSOCK32.dll
0x00007ff8648c0000 - 0x00007ff8648e3000 	C:\WINDOWS\SYSTEM32\WINMM.dll
0x00007ff869fe0000 - 0x00007ff86a04b000 	C:\WINDOWS\system32\WS2_32.dll
0x0000000002640000 - 0x000000000266c000 	C:\WINDOWS\SYSTEM32\WINMMBASE.dll
0x00007ff8671c0000 - 0x00007ff867203000 	C:\WINDOWS\system32\cfgmgr32.dll
0x0000000069820000 - 0x000000006982f000 	C:\Program Files\Java\jdk1.8.0_101\jre\bin\verify.dll
0x00000000697f0000 - 0x0000000069819000 	C:\Program Files\Java\jdk1.8.0_101\jre\bin\java.dll
0x00000000697d0000 - 0x00000000697e6000 	C:\Program Files\Java\jdk1.8.0_101\jre\bin\zip.dll
0x00007ff867fc0000 - 0x00007ff86951c000 	C:\WINDOWS\system32\SHELL32.dll
0x00007ff866700000 - 0x00007ff866d45000 	C:\WINDOWS\system32\windows.storage.dll
0x00007ff867eb0000 - 0x00007ff867f02000 	C:\WINDOWS\system32\shlwapi.dll
0x00007ff8666f0000 - 0x00007ff8666ff000 	C:\WINDOWS\system32\kernel.appcore.dll
0x00007ff867390000 - 0x00007ff867445000 	C:\WINDOWS\system32\shcore.dll
0x00007ff8666a0000 - 0x00007ff8666eb000 	C:\WINDOWS\system32\powrprof.dll
0x00007ff866670000 - 0x00007ff866684000 	C:\WINDOWS\system32\profapi.dll

VM Arguments:
jvm_args: -Djava.awt.headless=true -Xmx4g -Dfile.encoding=GBK -Duser.country=CN -Duser.language=zh -Duser.variant 
java_command: com.android.dx.command.Main --dex --num-threads=4 --multi-dex --main-dex-list D:\ld\LiDeShop\app\build\intermediates\multi-dex\debug\maindexlist.txt --output D:\ld\LiDeShop\app\build\intermediates\transforms\dex\debug\folders\1000\1f\main D:\ld\LiDeShop\app\build\intermediates\transforms\jarMerging\debug\jars\1\1f\combined.jar
java_class_path (initial): D:\Developers\Android\Android-Sdk\build-tools\24.0.1\lib\dx.jar
Launcher Type: SUN_STANDARD

Environment Variables:
JAVA_HOME=C:\Program Files\Java\jdk1.8.0_101
CLASSPATH=.;C:\Program Files\Java\jdk1.8.0_101\lib;C:\Program Files\Java\jdk1.8.0_101\lib\tools.jar
PATH=C:\ProgramData\Oracle\Java\javapath;C:\WINDOWS\system32;C:\WINDOWS;C:\WINDOWS\System32\Wbem;C:\WINDOWS\System32\WindowsPowerShell\v1.0\;C:\Program Files\Java\jdk1.8.0_101\bin;C:\Program Files\Java\jdk1.8.0_101\jre\bin;D:\Developers\Android\Android-Sdk\tools;D:\Developers\Android\Android-Sdk\platform-tools;D:\Developers\Android\Android-Ndk;D:\Developers\Git\cmd;D:\Developers\MySQL\bin;D:\Developers\Python\Python27;D:\Developers\Python\Python27\Scripts;D:\MYSQL\bin;d:\TDM-GCC-64\bin;C:\Program Files\TortoiseSVN\bin;D:\Developers\cocos2d-x\templates;D:\Developers\cocos2d-x\tools\cocos2d-console\bin;C:\Users\Y\.babun
USERNAME=Y
OS=Windows_NT
PROCESSOR_IDENTIFIER=Intel64 Family 6 Model 94 Stepping 3, GenuineIntel



---------------  S Y S T E M  ---------------

OS: Windows 10.0 , 64 bit Build 10586 (10.0.10586.589)

CPU:total 4 (4 cores per cpu, 1 threads per core) family 6 model 94 stepping 3, cmov, cx8, fxsr, mmx, sse, sse2, sse3, ssse3, sse4.1, sse4.2, popcnt, avx, avx2, aes, clmul, erms, 3dnowpref, lzcnt, tsc, tscinvbit, bmi1, bmi2, adx

Memory: 4k page, physical 8298788k(1916096k free), swap 9011532k(5200k free)

vm_info: Java HotSpot(TM) 64-Bit Server VM (25.101-b13) for windows-amd64 JRE (1.8.0_101-b13), built on Jun 22 2016 01:21:29 by "java_re" with MS VC++ 10.0 (VS2010)

time: Thu May 18 17:56:32 2017
elapsed time: 7 seconds (0d 0h 0m 7s)

